[04:15:57] [ServerMain/INFO]: [bootstrap] Running Java 25 (OpenJDK 64-Bit Server VM 25.0.1+8-LTS; Microsoft Microsoft-12574222) on Linux 6.8.0-1030-azure (amd64)
[04:15:57] [ServerMain/INFO]: [bootstrap] Loading Paper 1.21.11-39-main@e5e2c50 (2025-12-12T22:00:30Z) for Minecraft 1.21.11
[04:15:57] [ServerMain/INFO]: [PluginInitializerManager] Initializing plugins...
[04:15:58] [ServerMain/INFO]: [PluginInitializerManager] Initialized 4 plugins
[04:15:58] [ServerMain/INFO]: [PluginInitializerManager] Bukkit plugins (4):
 - Geyser-Spigot (2.9.2-SNAPSHOT), ViaBackwards (5.7.1), ViaVersion (5.7.1), floodgate (2.2.5-SNAPSHOT (b126-096c605))
[04:16:03] [ServerMain/INFO]: Environment: Environment[sessionHost=https://sessionserver.mojang.com, servicesHost=https://api.minecraftservices.com, profilesHost=https://api.mojang.com, name=PROD]
[04:16:04] [ServerMain/INFO]: Loaded 1470 recipes
[04:16:04] [ServerMain/INFO]: Loaded 1584 advancements
[04:16:04] [ServerMain/INFO]: [ca.spottedleaf.dataconverter.minecraft.datatypes.MCTypeRegistry] Initialising converters for DataConverter...
[04:16:05] [ServerMain/INFO]: [ca.spottedleaf.dataconverter.minecraft.datatypes.MCTypeRegistry] Finished initialising converters for DataConverter in 550.3ms
[04:16:05] [Server thread/INFO]: Starting minecraft server version 1.21.11
[04:16:05] [Server thread/INFO]: Loading properties
[04:16:05] [Server thread/INFO]: This server is running Paper version 1.21.11-39-main@e5e2c50 (2025-12-12T22:00:30Z) (Implementing API version 1.21.11-R0.1-SNAPSHOT)
[04:16:05] [Server thread/INFO]: [spark] This server bundles the spark profiler. For more information please visit https://docs.papermc.io/paper/profiling
[04:16:05] [Server thread/INFO]: Server Ping Player Sample Count: 12
[04:16:05] [Server thread/INFO]: Using 4 threads for Netty based IO
[04:16:06] [Server thread/INFO]: [MoonriseCommon] Paper is using 1 worker threads, 1 I/O threads
[04:16:06] [Server thread/INFO]: Default game type: SURVIVAL
[04:16:06] [Server thread/INFO]: Generating keypair
[04:16:06] [Server thread/INFO]: Starting Minecraft server on *:25565
[04:16:06] [Server thread/INFO]: Paper: Using libdeflate (Linux x86_64) compression from Velocity.
[04:16:06] [Server thread/INFO]: Paper: Using OpenSSL 3.x.x (Linux x86_64) cipher from Velocity.
[04:16:07] [Server thread/INFO]: [ViaVersion] Loading server plugin ViaVersion v5.7.1
[04:16:07] [Server thread/INFO]: [ViaVersion] ViaVersion 5.7.1 is now loaded. Registering protocol transformers and injecting...
[04:16:08] [Via-Mappingloader-1/INFO]: [ViaVersion] Loading block connection mappings ...
[04:16:08] [Via-Mappingloader-1/INFO]: [ViaVersion] Using FastUtil Long2ObjectOpenHashMap for block connections
[04:16:08] [Server thread/INFO]: [ViaBackwards] Loading translations...
[04:16:08] [Server thread/INFO]: [ViaBackwards] Registering protocols...
[04:16:09] [Server thread/INFO]: [floodgate] Loading server plugin floodgate v2.2.5-SNAPSHOT (b126-096c605)
[04:16:10] [Server thread/WARN]: [floodgate] en_ is not a supported Floodgate language.
[04:16:10] [Server thread/INFO]: [floodgate] Took 1,157ms to boot Floodgate
[04:16:10] [Server thread/INFO]: [ViaBackwards] Loading server plugin ViaBackwards v5.7.1
[04:16:10] [Server thread/INFO]: [Geyser-Spigot] Loading server plugin Geyser-Spigot v2.9.2-SNAPSHOT
[04:16:11] [Server thread/INFO]: [Geyser-Spigot] Loading extensions...
[04:16:11] [Server thread/INFO]: [Geyser-Spigot] Loaded 0 extension(s)
[04:16:11] [Server thread/INFO]: Server permissions file permissions.yml is empty, ignoring it
[04:16:11] [Server thread/WARN]: **** SERVER IS RUNNING IN OFFLINE/INSECURE MODE!
[04:16:11] [Server thread/WARN]: The server will make no attempt to authenticate usernames. Beware.
[04:16:11] [Server thread/WARN]: While this makes the game possible to play without internet access, it also opens up the ability for hackers to connect with any username they choose.
[04:16:11] [Server thread/WARN]: To change this, set "online-mode" to "true" in the server.properties file.
[04:16:11] [Server thread/INFO]: Preparing level "world"
[04:16:11] [Server thread/INFO]: Loading 0 persistent chunks for world 'minecraft:overworld'...
[04:16:11] [Server thread/INFO]: Preparing spawn area: 100%
[04:16:11] [Server thread/INFO]: Prepared spawn area in 2 ms
[04:16:11] [Server thread/INFO]: Loading 0 persistent chunks for world 'minecraft:the_nether'...
[04:16:11] [Server thread/INFO]: Prepared spawn area in 0 ms
[04:16:11] [Server thread/INFO]: Loading 0 persistent chunks for world 'minecraft:the_end'...
[04:16:11] [Server thread/INFO]: Prepared spawn area in 1 ms
[04:16:11] [Server thread/INFO]: Done preparing level "world" (0.500s)
[04:16:11] [Server thread/INFO]: [ViaVersion] Enabling ViaVersion v5.7.1
[04:16:11] [Server thread/INFO]: [ViaVersion] ViaVersion detected server version: 1.21.11 (774)
[04:16:11] [Server thread/INFO]: [floodgate] Enabling floodgate v2.2.5-SNAPSHOT (b126-096c605)
[04:16:11] [Server thread/INFO]: [ViaBackwards] Enabling ViaBackwards v5.7.1
[04:16:11] [Server thread/INFO]: [Geyser-Spigot] Enabling Geyser-Spigot v2.9.2-SNAPSHOT
[04:16:13] [Server thread/INFO]: [spark] Starting background profiler...
[04:16:14] [Server thread/INFO]: [Geyser-Spigot] ******************************************
[04:16:14] [Server thread/INFO]: [Geyser-Spigot] 
[04:16:14] [Server thread/INFO]: [Geyser-Spigot] Loading Geyser version 2.9.2-b1039 (git-master-f518aa5)
[04:16:14] [Server thread/INFO]: [Geyser-Spigot] 
[04:16:14] [Server thread/INFO]: [Geyser-Spigot] ******************************************
[04:16:18] [GeyserServer-3-1/INFO]: [Geyser-Spigot] Started Geyser on UDP port 19132
[04:16:18] [Server thread/INFO]: [Geyser-Spigot] Done (3.594s)! Run /geyser help for help!
[04:16:18] [Server thread/INFO]: Running delayed init tasks
[04:16:18] [Craft Scheduler Thread - 2 - ViaVersion/INFO]: [ViaVersion] Finished mapping loading, shutting down loader executor.
[04:16:18] [Server thread/INFO]: Done (22.347s)! For help, type "help"
[04:18:24] [GeyserServerChild-4-1/INFO]: [Geyser-Spigot] Player connected with username fajarsr477835 (898)
[04:18:24] [localSession-7-2/INFO]: [Geyser-Spigot] fajarsr477835 (logged in as: fajarsr477835) has connected to the Java server
[04:18:25] [WebSocketConnectReadThread-113/INFO]: [floodgate] Got disconnected from the skin uploader: failed to find the given code in combination with the verify code
[04:18:25] [Server thread/INFO]: [floodgate] Floodgate player logged in as .fajarsr477835 joined (UUID: 00000000-0000-0000-0009-01f8c4653e35)
[04:18:25] [Server thread/INFO]: .fajarsr477835 joined the game
[04:18:25] [Server thread/INFO]: .fajarsr477835[/127.171.116.184:0] logged in with entity id 67 at ([world]-25.5, 75.0, 30.5)
[04:21:46] [Server thread/INFO]: .fajarsr477835 was slain by Zombie
[04:22:50] [Server thread/INFO]: .fajarsr477835 issued server command: /tps
[04:23:12] [Server thread/INFO]: TPS from last 1m, 5m, 15m: 20.0, 20.0, 20.0
[04:24:41] [Server thread/INFO]: .fajarsr477835 issued server command: /ram
[04:27:46] [Server thread/INFO]: .fajarsr477835 has made the advancement [Sweet Dreams]
[04:29:19] [Server thread/INFO]: .fajarsr477835 has made the advancement [Monster Hunter]
[04:29:31] [GeyserServerChild-4-1/INFO]: [Geyser-Spigot] fajarsr477835 has disconnected from the Java server because of Bedrock client disconnected
[04:29:31] [Geyser Spigot connection thread-6-3/INFO]: [floodgate] Floodgate player logged in as .fajarsr477835 disconnected
[04:29:31] [Server thread/INFO]: .fajarsr477835 lost connection: Disconnected
[04:29:31] [Server thread/INFO]: .fajarsr477835 left the game
[04:30:02] [Server thread/INFO]: Stopping the server
[04:30:02] [Server thread/INFO]: Stopping server
[04:30:02] [Server thread/INFO]: [Geyser-Spigot] Disabling Geyser-Spigot v2.9.2-SNAPSHOT
[04:30:02] [Server thread/INFO]: [Geyser-Spigot] Shutting down Geyser.
[04:30:02] [Server thread/INFO]: [Geyser-Spigot] Geyser shutdown successfully.
[04:30:02] [Server thread/INFO]: [ViaBackwards] Disabling ViaBackwards v5.7.1
[04:30:02] [Server thread/INFO]: [floodgate] Disabling floodgate v2.2.5-SNAPSHOT (b126-096c605)
[04:30:02] [Server thread/INFO]: [ViaVersion] Disabling ViaVersion v5.7.1
[04:30:02] [Server thread/INFO]: [ViaVersion] ViaVersion has been disabled; uninjected the platform and shut down the scheduler.
[04:30:02] [Server thread/INFO]: Saving players
[04:30:02] [Server thread/INFO]: Saving worlds
[04:30:02] [Server thread/INFO]: Saving chunks for level 'ServerLevel[world]'/minecraft:overworld
[04:30:02] [Server thread/INFO]: [ChunkHolderManager] Waiting 60s for chunk system to halt for world 'world'
[04:30:02] [Server thread/INFO]: [ChunkHolderManager] Halted chunk system for world 'world'
[04:30:02] [Server thread/INFO]: [ChunkHolderManager] Saving all chunkholders for world 'world'
[04:30:02] [WebSocketConnectReadThread-149/INFO]: [Geyser-Spigot] The skin uploader has been closed
[04:30:02] [Server thread/INFO]: [ChunkHolderManager] Saved 0 block chunks, 0 entity chunks, 0 poi chunks in world 'world' in 0.05s
[04:30:02] [Server thread/INFO]: [ChunkHolderManager] Waiting 60s for chunk I/O to halt for world 'world'
[04:30:02] [Server thread/INFO]: [ChunkHolderManager] Halted I/O scheduler for world 'world'
[04:30:02] [Server thread/INFO]: Saving chunks for level 'ServerLevel[world_nether]'/minecraft:the_nether
[04:30:02] [Server thread/INFO]: [ChunkHolderManager] Waiting 60s for chunk system to halt for world 'world_nether'
[04:30:02] [Server thread/INFO]: [ChunkHolderManager] Halted chunk system for world 'world_nether'
[04:30:02] [Server thread/INFO]: [ChunkHolderManager] Saving all chunkholders for world 'world_nether'
[04:30:02] [Server thread/INFO]: [ChunkHolderManager] Saved 0 block chunks, 0 entity chunks, 0 poi chunks in world 'world_nether' in 0.00s
[04:30:02] [Server thread/INFO]: [ChunkHolderManager] Waiting 60s for chunk I/O to halt for world 'world_nether'
[04:30:02] [Server thread/INFO]: [ChunkHolderManager] Halted I/O scheduler for world 'world_nether'
[04:30:02] [Server thread/INFO]: Saving chunks for level 'ServerLevel[world_the_end]'/minecraft:the_end
[04:30:02] [Server thread/INFO]: [ChunkHolderManager] Waiting 60s for chunk system to halt for world 'world_the_end'
[04:30:02] [Server thread/INFO]: [ChunkHolderManager] Halted chunk system for world 'world_the_end'
[04:30:02] [Server thread/INFO]: [ChunkHolderManager] Saving all chunkholders for world 'world_the_end'
[04:30:02] [Server thread/INFO]: [ChunkHolderManager] Saved 0 block chunks, 0 entity chunks, 0 poi chunks in world 'world_the_end' in 0.00s
[04:30:02] [Server thread/INFO]: [ChunkHolderManager] Waiting 60s for chunk I/O to halt for world 'world_the_end'
[04:30:02] [Server thread/INFO]: [ChunkHolderManager] Halted I/O scheduler for world 'world_the_end'
[04:30:02] [Server thread/INFO]: ThreadedAnvilChunkStorage (world): All chunks are saved
[04:30:02] [Server thread/INFO]: ThreadedAnvilChunkStorage (DIM-1): All chunks are saved
[04:30:02] [Server thread/INFO]: ThreadedAnvilChunkStorage (DIM1): All chunks are saved
[04:30:02] [Server thread/INFO]: ThreadedAnvilChunkStorage: All dimensions are saved
[04:30:03] [Server thread/INFO]: Waiting for all RegionFile I/O tasks to complete...
[04:30:03] [Server thread/INFO]: All RegionFile I/O tasks to complete
[04:30:03] [Server thread/INFO]: [MoonriseCommon] Awaiting termination of worker pool for up to 60s...
[04:30:03] [Server thread/INFO]: [MoonriseCommon] Awaiting termination of I/O pool for up to 60s...
